<?xml version="1.0" encoding="UTF-8"?>
<testsuite xmlns:xsi="http://www.w3.org/2001/XMLSchema-instance" xsi:noNamespaceSchemaLocation="https://maven.apache.org/surefire/maven-surefire-plugin/xsd/surefire-test-report-3.0.xsd" version="3.0" name="TestSuite" time="10.902" tests="4" errors="0" skipped="0" failures="2">
  <properties>
    <property name="java.specification.version" value="13"/>
    <property name="sun.jnu.encoding" value="UTF-8"/>
    <property name="java.class.path" value="/Users/mohammadrahman/E2EProject/target/test-classes:/Users/mohammadrahman/E2EProject/target/classes:/Users/mohammadrahman/.m2/repository/junit/junit/4.12/junit-4.12.jar:/Users/mohammadrahman/.m2/repository/org/hamcrest/hamcrest-core/1.3/hamcrest-core-1.3.jar:/Users/mohammadrahman/.m2/repository/com/aventstack/extentreports/5.0.1/extentreports-5.0.1.jar:/Users/mohammadrahman/.m2/repository/io/reactivex/rxjava3/rxjava/3.0.4/rxjava-3.0.4.jar:/Users/mohammadrahman/.m2/repository/org/reactivestreams/reactive-streams/1.0.3/reactive-streams-1.0.3.jar:/Users/mohammadrahman/.m2/repository/org/freemarker/freemarker/2.3.30/freemarker-2.3.30.jar:/Users/mohammadrahman/.m2/repository/org/projectlombok/lombok/1.18.12/lombok-1.18.12.jar:/Users/mohammadrahman/.m2/repository/com/google/code/gson/gson/2.8.6/gson-2.8.6.jar:/Users/mohammadrahman/.m2/repository/commons-io/commons-io/2.7/commons-io-2.7.jar:/Users/mohammadrahman/.m2/repository/org/seleniumhq/selenium/selenium-java/4.0.0-alpha-5/selenium-java-4.0.0-alpha-5.jar:/Users/mohammadrahman/.m2/repository/org/seleniumhq/selenium/selenium-api/4.0.0-alpha-5/selenium-api-4.0.0-alpha-5.jar:/Users/mohammadrahman/.m2/repository/org/seleniumhq/selenium/selenium-chrome-driver/4.0.0-alpha-5/selenium-chrome-driver-4.0.0-alpha-5.jar:/Users/mohammadrahman/.m2/repository/com/google/auto/service/auto-service-annotations/1.0-rc6/auto-service-annotations-1.0-rc6.jar:/Users/mohammadrahman/.m2/repository/com/google/auto/service/auto-service/1.0-rc6/auto-service-1.0-rc6.jar:/Users/mohammadrahman/.m2/repository/com/google/auto/auto-common/0.10/auto-common-0.10.jar:/Users/mohammadrahman/.m2/repository/com/google/guava/guava/28.2-jre/guava-28.2-jre.jar:/Users/mohammadrahman/.m2/repository/com/google/guava/failureaccess/1.0.1/failureaccess-1.0.1.jar:/Users/mohammadrahman/.m2/repository/com/google/guava/listenablefuture/9999.0-empty-to-avoid-conflict-with-guava/listenablefuture-9999.0-empty-to-avoid-conflict-with-guava.jar:/Users/mohammadrahman/.m2/repository/com/google/code/findbugs/jsr305/3.0.2/jsr305-3.0.2.jar:/Users/mohammadrahman/.m2/repository/org/checkerframework/checker-qual/2.10.0/checker-qual-2.10.0.jar:/Users/mohammadrahman/.m2/repository/com/google/errorprone/error_prone_annotations/2.3.4/error_prone_annotations-2.3.4.jar:/Users/mohammadrahman/.m2/repository/com/google/j2objc/j2objc-annotations/1.3/j2objc-annotations-1.3.jar:/Users/mohammadrahman/.m2/repository/org/seleniumhq/selenium/selenium-chromium-driver/4.0.0-alpha-5/selenium-chromium-driver-4.0.0-alpha-5.jar:/Users/mohammadrahman/.m2/repository/org/seleniumhq/selenium/selenium-devtools/4.0.0-alpha-5/selenium-devtools-4.0.0-alpha-5.jar:/Users/mohammadrahman/.m2/repository/org/seleniumhq/selenium/selenium-http/4.0.0-alpha-5/selenium-http-4.0.0-alpha-5.jar:/Users/mohammadrahman/.m2/repository/org/seleniumhq/selenium/selenium-json/4.0.0-alpha-5/selenium-json-4.0.0-alpha-5.jar:/Users/mohammadrahman/.m2/repository/org/seleniumhq/selenium/selenium-edge-driver/4.0.0-alpha-5/selenium-edge-driver-4.0.0-alpha-5.jar:/Users/mohammadrahman/.m2/repository/org/seleniumhq/selenium/selenium-edgehtml-driver/4.0.0-alpha-5/selenium-edgehtml-driver-4.0.0-alpha-5.jar:/Users/mohammadrahman/.m2/repository/org/seleniumhq/selenium/selenium-firefox-driver/4.0.0-alpha-5/selenium-firefox-driver-4.0.0-alpha-5.jar:/Users/mohammadrahman/.m2/repository/org/seleniumhq/selenium/selenium-firefox-xpi-driver/4.0.0-alpha-5/selenium-firefox-xpi-driver-4.0.0-alpha-5.jar:/Users/mohammadrahman/.m2/repository/org/seleniumhq/selenium/selenium-ie-driver/4.0.0-alpha-5/selenium-ie-driver-4.0.0-alpha-5.jar:/Users/mohammadrahman/.m2/repository/org/seleniumhq/selenium/selenium-opera-driver/4.0.0-alpha-5/selenium-opera-driver-4.0.0-alpha-5.jar:/Users/mohammadrahman/.m2/repository/org/seleniumhq/selenium/selenium-remote-driver/4.0.0-alpha-5/selenium-remote-driver-4.0.0-alpha-5.jar:/Users/mohammadrahman/.m2/repository/com/squareup/okhttp3/okhttp/4.4.1/okhttp-4.4.1.jar:/Users/mohammadrahman/.m2/repository/org/jetbrains/kotlin/kotlin-stdlib/1.3.61/kotlin-stdlib-1.3.61.jar:/Users/mohammadrahman/.m2/repository/org/jetbrains/annotations/13.0/annotations-13.0.jar:/Users/mohammadrahman/.m2/repository/com/squareup/okio/okio/2.4.3/okio-2.4.3.jar:/Users/mohammadrahman/.m2/repository/org/jetbrains/kotlin/kotlin-stdlib-common/1.3.61/kotlin-stdlib-common-1.3.61.jar:/Users/mohammadrahman/.m2/repository/com/typesafe/netty/netty-reactive-streams/2.0.4/netty-reactive-streams-2.0.4.jar:/Users/mohammadrahman/.m2/repository/io/netty/netty-handler/4.1.43.Final/netty-handler-4.1.43.Final.jar:/Users/mohammadrahman/.m2/repository/io/netty/netty-buffer/4.1.47.Final/netty-buffer-4.1.47.Final.jar:/Users/mohammadrahman/.m2/repository/io/netty/netty-common/4.1.47.Final/netty-common-4.1.47.Final.jar:/Users/mohammadrahman/.m2/repository/io/netty/netty-codec-http/4.1.47.Final/netty-codec-http-4.1.47.Final.jar:/Users/mohammadrahman/.m2/repository/io/netty/netty-codec/4.1.47.Final/netty-codec-4.1.47.Final.jar:/Users/mohammadrahman/.m2/repository/io/netty/netty-transport-native-epoll/4.1.47.Final/netty-transport-native-epoll-4.1.47.Final.jar:/Users/mohammadrahman/.m2/repository/io/netty/netty-transport-native-epoll/4.1.47.Final/netty-transport-native-epoll-4.1.47.Final-linux-x86_64.jar:/Users/mohammadrahman/.m2/repository/io/netty/netty-transport-native-kqueue/4.1.47.Final/netty-transport-native-kqueue-4.1.47.Final.jar:/Users/mohammadrahman/.m2/repository/io/netty/netty-transport-native-kqueue/4.1.47.Final/netty-transport-native-kqueue-4.1.47.Final-osx-x86_64.jar:/Users/mohammadrahman/.m2/repository/io/netty/netty-transport-native-unix-common/4.1.47.Final/netty-transport-native-unix-common-4.1.47.Final.jar:/Users/mohammadrahman/.m2/repository/io/netty/netty-transport/4.1.47.Final/netty-transport-4.1.47.Final.jar:/Users/mohammadrahman/.m2/repository/io/netty/netty-resolver/4.1.47.Final/netty-resolver-4.1.47.Final.jar:/Users/mohammadrahman/.m2/repository/io/opentelemetry/opentelemetry-api/0.2.0/opentelemetry-api-0.2.0.jar:/Users/mohammadrahman/.m2/repository/io/grpc/grpc-context/1.24.0/grpc-context-1.24.0.jar:/Users/mohammadrahman/.m2/repository/net/bytebuddy/byte-buddy/1.10.8/byte-buddy-1.10.8.jar:/Users/mohammadrahman/.m2/repository/org/apache/commons/commons-exec/1.3/commons-exec-1.3.jar:/Users/mohammadrahman/.m2/repository/org/asynchttpclient/async-http-client/2.11.0/async-http-client-2.11.0.jar:/Users/mohammadrahman/.m2/repository/org/asynchttpclient/async-http-client-netty-utils/2.11.0/async-http-client-netty-utils-2.11.0.jar:/Users/mohammadrahman/.m2/repository/io/netty/netty-codec-socks/4.1.46.Final/netty-codec-socks-4.1.46.Final.jar:/Users/mohammadrahman/.m2/repository/io/netty/netty-handler-proxy/4.1.46.Final/netty-handler-proxy-4.1.46.Final.jar:/Users/mohammadrahman/.m2/repository/com/sun/activation/javax.activation/1.2.0/javax.activation-1.2.0.jar:/Users/mohammadrahman/.m2/repository/org/seleniumhq/selenium/selenium-safari-driver/4.0.0-alpha-5/selenium-safari-driver-4.0.0-alpha-5.jar:/Users/mohammadrahman/.m2/repository/org/seleniumhq/selenium/selenium-support/4.0.0-alpha-5/selenium-support-4.0.0-alpha-5.jar:/Users/mohammadrahman/.m2/repository/org/apache/logging/log4j/log4j-core/2.13.3/log4j-core-2.13.3.jar:/Users/mohammadrahman/.m2/repository/org/apache/logging/log4j/log4j-api/2.13.3/log4j-api-2.13.3.jar:/Users/mohammadrahman/.m2/repository/org/slf4j/slf4j-nop/2.0.0-alpha1/slf4j-nop-2.0.0-alpha1.jar:/Users/mohammadrahman/.m2/repository/org/slf4j/slf4j-api/2.0.0-alpha1/slf4j-api-2.0.0-alpha1.jar:/Users/mohammadrahman/.m2/repository/org/testng/testng/7.1.0/testng-7.1.0.jar:/Users/mohammadrahman/.m2/repository/com/beust/jcommander/1.72/jcommander-1.72.jar:/Users/mohammadrahman/.m2/repository/com/google/inject/guice/4.1.0/guice-4.1.0-no_aop.jar:/Users/mohammadrahman/.m2/repository/javax/inject/javax.inject/1/javax.inject-1.jar:/Users/mohammadrahman/.m2/repository/aopalliance/aopalliance/1.0/aopalliance-1.0.jar:/Users/mohammadrahman/.m2/repository/org/yaml/snakeyaml/1.21/snakeyaml-1.21.jar:"/>
    <property name="java.vm.vendor" value="Oracle Corporation"/>
    <property name="sun.arch.data.model" value="64"/>
    <property name="java.vendor.url" value="https://java.oracle.com/"/>
    <property name="user.timezone" value="America/Chicago"/>
    <property name="os.name" value="Mac OS X"/>
    <property name="java.vm.specification.version" value="13"/>
    <property name="sun.java.launcher" value="SUN_STANDARD"/>
    <property name="user.country" value="US"/>
    <property name="sun.boot.library.path" value="/Users/mohammadrahman/Library/Java/JavaVirtualMachines/jdk-13.0.1.jdk/Contents/Home/lib"/>
    <property name="sun.java.command" value="/Users/mohammadrahman/E2EProject/target/surefire/surefirebooter10132185358718221274.jar /Users/mohammadrahman/E2EProject/target/surefire 2020-10-28T10-14-28_420-jvmRun1 surefire12561049859055915895tmp surefire_04093135575627684560tmp"/>
    <property name="http.nonProxyHosts" value="local|*.local|169.254/16|*.169.254/16"/>
    <property name="jdk.debug" value="release"/>
    <property name="surefire.test.class.path" value="/Users/mohammadrahman/E2EProject/target/test-classes:/Users/mohammadrahman/E2EProject/target/classes:/Users/mohammadrahman/.m2/repository/junit/junit/4.12/junit-4.12.jar:/Users/mohammadrahman/.m2/repository/org/hamcrest/hamcrest-core/1.3/hamcrest-core-1.3.jar:/Users/mohammadrahman/.m2/repository/com/aventstack/extentreports/5.0.1/extentreports-5.0.1.jar:/Users/mohammadrahman/.m2/repository/io/reactivex/rxjava3/rxjava/3.0.4/rxjava-3.0.4.jar:/Users/mohammadrahman/.m2/repository/org/reactivestreams/reactive-streams/1.0.3/reactive-streams-1.0.3.jar:/Users/mohammadrahman/.m2/repository/org/freemarker/freemarker/2.3.30/freemarker-2.3.30.jar:/Users/mohammadrahman/.m2/repository/org/projectlombok/lombok/1.18.12/lombok-1.18.12.jar:/Users/mohammadrahman/.m2/repository/com/google/code/gson/gson/2.8.6/gson-2.8.6.jar:/Users/mohammadrahman/.m2/repository/commons-io/commons-io/2.7/commons-io-2.7.jar:/Users/mohammadrahman/.m2/repository/org/seleniumhq/selenium/selenium-java/4.0.0-alpha-5/selenium-java-4.0.0-alpha-5.jar:/Users/mohammadrahman/.m2/repository/org/seleniumhq/selenium/selenium-api/4.0.0-alpha-5/selenium-api-4.0.0-alpha-5.jar:/Users/mohammadrahman/.m2/repository/org/seleniumhq/selenium/selenium-chrome-driver/4.0.0-alpha-5/selenium-chrome-driver-4.0.0-alpha-5.jar:/Users/mohammadrahman/.m2/repository/com/google/auto/service/auto-service-annotations/1.0-rc6/auto-service-annotations-1.0-rc6.jar:/Users/mohammadrahman/.m2/repository/com/google/auto/service/auto-service/1.0-rc6/auto-service-1.0-rc6.jar:/Users/mohammadrahman/.m2/repository/com/google/auto/auto-common/0.10/auto-common-0.10.jar:/Users/mohammadrahman/.m2/repository/com/google/guava/guava/28.2-jre/guava-28.2-jre.jar:/Users/mohammadrahman/.m2/repository/com/google/guava/failureaccess/1.0.1/failureaccess-1.0.1.jar:/Users/mohammadrahman/.m2/repository/com/google/guava/listenablefuture/9999.0-empty-to-avoid-conflict-with-guava/listenablefuture-9999.0-empty-to-avoid-conflict-with-guava.jar:/Users/mohammadrahman/.m2/repository/com/google/code/findbugs/jsr305/3.0.2/jsr305-3.0.2.jar:/Users/mohammadrahman/.m2/repository/org/checkerframework/checker-qual/2.10.0/checker-qual-2.10.0.jar:/Users/mohammadrahman/.m2/repository/com/google/errorprone/error_prone_annotations/2.3.4/error_prone_annotations-2.3.4.jar:/Users/mohammadrahman/.m2/repository/com/google/j2objc/j2objc-annotations/1.3/j2objc-annotations-1.3.jar:/Users/mohammadrahman/.m2/repository/org/seleniumhq/selenium/selenium-chromium-driver/4.0.0-alpha-5/selenium-chromium-driver-4.0.0-alpha-5.jar:/Users/mohammadrahman/.m2/repository/org/seleniumhq/selenium/selenium-devtools/4.0.0-alpha-5/selenium-devtools-4.0.0-alpha-5.jar:/Users/mohammadrahman/.m2/repository/org/seleniumhq/selenium/selenium-http/4.0.0-alpha-5/selenium-http-4.0.0-alpha-5.jar:/Users/mohammadrahman/.m2/repository/org/seleniumhq/selenium/selenium-json/4.0.0-alpha-5/selenium-json-4.0.0-alpha-5.jar:/Users/mohammadrahman/.m2/repository/org/seleniumhq/selenium/selenium-edge-driver/4.0.0-alpha-5/selenium-edge-driver-4.0.0-alpha-5.jar:/Users/mohammadrahman/.m2/repository/org/seleniumhq/selenium/selenium-edgehtml-driver/4.0.0-alpha-5/selenium-edgehtml-driver-4.0.0-alpha-5.jar:/Users/mohammadrahman/.m2/repository/org/seleniumhq/selenium/selenium-firefox-driver/4.0.0-alpha-5/selenium-firefox-driver-4.0.0-alpha-5.jar:/Users/mohammadrahman/.m2/repository/org/seleniumhq/selenium/selenium-firefox-xpi-driver/4.0.0-alpha-5/selenium-firefox-xpi-driver-4.0.0-alpha-5.jar:/Users/mohammadrahman/.m2/repository/org/seleniumhq/selenium/selenium-ie-driver/4.0.0-alpha-5/selenium-ie-driver-4.0.0-alpha-5.jar:/Users/mohammadrahman/.m2/repository/org/seleniumhq/selenium/selenium-opera-driver/4.0.0-alpha-5/selenium-opera-driver-4.0.0-alpha-5.jar:/Users/mohammadrahman/.m2/repository/org/seleniumhq/selenium/selenium-remote-driver/4.0.0-alpha-5/selenium-remote-driver-4.0.0-alpha-5.jar:/Users/mohammadrahman/.m2/repository/com/squareup/okhttp3/okhttp/4.4.1/okhttp-4.4.1.jar:/Users/mohammadrahman/.m2/repository/org/jetbrains/kotlin/kotlin-stdlib/1.3.61/kotlin-stdlib-1.3.61.jar:/Users/mohammadrahman/.m2/repository/org/jetbrains/annotations/13.0/annotations-13.0.jar:/Users/mohammadrahman/.m2/repository/com/squareup/okio/okio/2.4.3/okio-2.4.3.jar:/Users/mohammadrahman/.m2/repository/org/jetbrains/kotlin/kotlin-stdlib-common/1.3.61/kotlin-stdlib-common-1.3.61.jar:/Users/mohammadrahman/.m2/repository/com/typesafe/netty/netty-reactive-streams/2.0.4/netty-reactive-streams-2.0.4.jar:/Users/mohammadrahman/.m2/repository/io/netty/netty-handler/4.1.43.Final/netty-handler-4.1.43.Final.jar:/Users/mohammadrahman/.m2/repository/io/netty/netty-buffer/4.1.47.Final/netty-buffer-4.1.47.Final.jar:/Users/mohammadrahman/.m2/repository/io/netty/netty-common/4.1.47.Final/netty-common-4.1.47.Final.jar:/Users/mohammadrahman/.m2/repository/io/netty/netty-codec-http/4.1.47.Final/netty-codec-http-4.1.47.Final.jar:/Users/mohammadrahman/.m2/repository/io/netty/netty-codec/4.1.47.Final/netty-codec-4.1.47.Final.jar:/Users/mohammadrahman/.m2/repository/io/netty/netty-transport-native-epoll/4.1.47.Final/netty-transport-native-epoll-4.1.47.Final.jar:/Users/mohammadrahman/.m2/repository/io/netty/netty-transport-native-epoll/4.1.47.Final/netty-transport-native-epoll-4.1.47.Final-linux-x86_64.jar:/Users/mohammadrahman/.m2/repository/io/netty/netty-transport-native-kqueue/4.1.47.Final/netty-transport-native-kqueue-4.1.47.Final.jar:/Users/mohammadrahman/.m2/repository/io/netty/netty-transport-native-kqueue/4.1.47.Final/netty-transport-native-kqueue-4.1.47.Final-osx-x86_64.jar:/Users/mohammadrahman/.m2/repository/io/netty/netty-transport-native-unix-common/4.1.47.Final/netty-transport-native-unix-common-4.1.47.Final.jar:/Users/mohammadrahman/.m2/repository/io/netty/netty-transport/4.1.47.Final/netty-transport-4.1.47.Final.jar:/Users/mohammadrahman/.m2/repository/io/netty/netty-resolver/4.1.47.Final/netty-resolver-4.1.47.Final.jar:/Users/mohammadrahman/.m2/repository/io/opentelemetry/opentelemetry-api/0.2.0/opentelemetry-api-0.2.0.jar:/Users/mohammadrahman/.m2/repository/io/grpc/grpc-context/1.24.0/grpc-context-1.24.0.jar:/Users/mohammadrahman/.m2/repository/net/bytebuddy/byte-buddy/1.10.8/byte-buddy-1.10.8.jar:/Users/mohammadrahman/.m2/repository/org/apache/commons/commons-exec/1.3/commons-exec-1.3.jar:/Users/mohammadrahman/.m2/repository/org/asynchttpclient/async-http-client/2.11.0/async-http-client-2.11.0.jar:/Users/mohammadrahman/.m2/repository/org/asynchttpclient/async-http-client-netty-utils/2.11.0/async-http-client-netty-utils-2.11.0.jar:/Users/mohammadrahman/.m2/repository/io/netty/netty-codec-socks/4.1.46.Final/netty-codec-socks-4.1.46.Final.jar:/Users/mohammadrahman/.m2/repository/io/netty/netty-handler-proxy/4.1.46.Final/netty-handler-proxy-4.1.46.Final.jar:/Users/mohammadrahman/.m2/repository/com/sun/activation/javax.activation/1.2.0/javax.activation-1.2.0.jar:/Users/mohammadrahman/.m2/repository/org/seleniumhq/selenium/selenium-safari-driver/4.0.0-alpha-5/selenium-safari-driver-4.0.0-alpha-5.jar:/Users/mohammadrahman/.m2/repository/org/seleniumhq/selenium/selenium-support/4.0.0-alpha-5/selenium-support-4.0.0-alpha-5.jar:/Users/mohammadrahman/.m2/repository/org/apache/logging/log4j/log4j-core/2.13.3/log4j-core-2.13.3.jar:/Users/mohammadrahman/.m2/repository/org/apache/logging/log4j/log4j-api/2.13.3/log4j-api-2.13.3.jar:/Users/mohammadrahman/.m2/repository/org/slf4j/slf4j-nop/2.0.0-alpha1/slf4j-nop-2.0.0-alpha1.jar:/Users/mohammadrahman/.m2/repository/org/slf4j/slf4j-api/2.0.0-alpha1/slf4j-api-2.0.0-alpha1.jar:/Users/mohammadrahman/.m2/repository/org/testng/testng/7.1.0/testng-7.1.0.jar:/Users/mohammadrahman/.m2/repository/com/beust/jcommander/1.72/jcommander-1.72.jar:/Users/mohammadrahman/.m2/repository/com/google/inject/guice/4.1.0/guice-4.1.0-no_aop.jar:/Users/mohammadrahman/.m2/repository/javax/inject/javax.inject/1/javax.inject-1.jar:/Users/mohammadrahman/.m2/repository/aopalliance/aopalliance/1.0/aopalliance-1.0.jar:/Users/mohammadrahman/.m2/repository/org/yaml/snakeyaml/1.21/snakeyaml-1.21.jar:"/>
    <property name="sun.cpu.endian" value="little"/>
    <property name="user.home" value="/Users/mohammadrahman"/>
    <property name="user.language" value="en"/>
    <property name="java.specification.vendor" value="Oracle Corporation"/>
    <property name="java.version.date" value="2019-10-15"/>
    <property name="java.home" value="/Users/mohammadrahman/Library/Java/JavaVirtualMachines/jdk-13.0.1.jdk/Contents/Home"/>
    <property name="file.separator" value="/"/>
    <property name="basedir" value="/Users/mohammadrahman/E2EProject"/>
    <property name="java.vm.compressedOopsMode" value="Zero based"/>
    <property name="line.separator" value="&#10;"/>
    <property name="java.vm.specification.vendor" value="Oracle Corporation"/>
    <property name="java.specification.name" value="Java Platform API Specification"/>
    <property name="surefire.real.class.path" value="/Users/mohammadrahman/E2EProject/target/surefire/surefirebooter10132185358718221274.jar"/>
    <property name="sun.management.compiler" value="HotSpot 64-Bit Tiered Compilers"/>
    <property name="ftp.nonProxyHosts" value="local|*.local|169.254/16|*.169.254/16"/>
    <property name="java.runtime.version" value="13.0.1+9"/>
    <property name="user.name" value="mohammadrahman"/>
    <property name="path.separator" value=":"/>
    <property name="os.version" value="10.15.7"/>
    <property name="java.runtime.name" value="Java(TM) SE Runtime Environment"/>
    <property name="file.encoding" value="UTF-8"/>
    <property name="browser" value="chrome"/>
    <property name="sun.nio.ch.bugLevel" value=""/>
    <property name="java.vm.name" value="Java HotSpot(TM) 64-Bit Server VM"/>
    <property name="localRepository" value="/Users/mohammadrahman/.m2/repository"/>
    <property name="java.vendor.url.bug" value="https://bugreport.java.com/bugreport/"/>
    <property name="java.io.tmpdir" value="/var/folders/ts/76vg2q_d5q17nwmz0d88jrvw0000gn/T/"/>
    <property name="java.version" value="13.0.1"/>
    <property name="user.dir" value="/Users/mohammadrahman/E2EProject"/>
    <property name="os.arch" value="x86_64"/>
    <property name="java.vm.specification.name" value="Java Virtual Machine Specification"/>
    <property name="java.library.path" value="/Users/mohammadrahman/Library/Java/Extensions:/Library/Java/Extensions:/Network/Library/Java/Extensions:/System/Library/Java/Extensions:/usr/lib/java:."/>
    <property name="java.vm.info" value="mixed mode, sharing"/>
    <property name="java.vendor" value="Oracle Corporation"/>
    <property name="java.vm.version" value="13.0.1+9"/>
    <property name="sun.io.unicode.encoding" value="UnicodeBig"/>
    <property name="socksNonProxyHosts" value="local|*.local|169.254/16|*.169.254/16"/>
    <property name="java.class.version" value="57.0"/>
  </properties>
  <testcase name="basePageNavigation[username, password](1)" classname="org.example.HomePage" time="2.56">
    <failure message="element click intercepted: Element &lt;a _ngcontent-gau-c18=&quot;&quot; href=&quot;https://courses.rahulshettyacademy.com/sign_in&quot; class=&quot;theme-btn register-btn&quot;&gt;...&lt;/a&gt; is not clickable at point (1481, 28). Other element would receive the click: &lt;div _ngcontent-gau-c18=&quot;&quot; class=&quot;preloader&quot;&gt;...&lt;/div&gt;&#10;  (Session info: chrome=86.0.4240.111)&#10;Build info: version: &apos;4.0.0-alpha-5&apos;, revision: &apos;b3a0d621cc&apos;&#10;System info: host: &apos;Mohammads-iMac.home&apos;, ip: &apos;192.168.254.14&apos;, os.name: &apos;Mac OS X&apos;, os.arch: &apos;x86_64&apos;, os.version: &apos;10.15.7&apos;, java.version: &apos;13.0.1&apos;&#10;Driver info: org.openqa.selenium.chrome.ChromeDriver&#10;Capabilities {acceptInsecureCerts: false, browserName: chrome, browserVersion: 86.0.4240.111, chrome: {chromedriverVersion: 86.0.4240.22 (398b0743353ff..., userDataDir: /var/folders/ts/76vg2q_d5q1...}, goog:chromeOptions: {debuggerAddress: localhost:50265}, javascriptEnabled: true, networkConnectionEnabled: false, pageLoadStrategy: normal, platform: MAC, platformName: MAC, proxy: Proxy(), setWindowRect: true, strictFileInteractability: false, timeouts: {implicit: 0, pageLoad: 300000, script: 30000}, unhandledPromptBehavior: dismiss and notify, webauthn:virtualAuthenticators: true}&#10;Session ID: 761d2a108cf245239a9cf780b1820af5" type="org.openqa.selenium.ElementClickInterceptedException"><![CDATA[org.openqa.selenium.ElementClickInterceptedException: 
element click intercepted: Element <a _ngcontent-gau-c18="" href="https://courses.rahulshettyacademy.com/sign_in" class="theme-btn register-btn">...</a> is not clickable at point (1481, 28). Other element would receive the click: <div _ngcontent-gau-c18="" class="preloader">...</div>
  (Session info: chrome=86.0.4240.111)
Build info: version: '4.0.0-alpha-5', revision: 'b3a0d621cc'
System info: host: 'Mohammads-iMac.home', ip: '192.168.254.14', os.name: 'Mac OS X', os.arch: 'x86_64', os.version: '10.15.7', java.version: '13.0.1'
Driver info: org.openqa.selenium.chrome.ChromeDriver
Capabilities {acceptInsecureCerts: false, browserName: chrome, browserVersion: 86.0.4240.111, chrome: {chromedriverVersion: 86.0.4240.22 (398b0743353ff..., userDataDir: /var/folders/ts/76vg2q_d5q1...}, goog:chromeOptions: {debuggerAddress: localhost:50265}, javascriptEnabled: true, networkConnectionEnabled: false, pageLoadStrategy: normal, platform: MAC, platformName: MAC, proxy: Proxy(), setWindowRect: true, strictFileInteractability: false, timeouts: {implicit: 0, pageLoad: 300000, script: 30000}, unhandledPromptBehavior: dismiss and notify, webauthn:virtualAuthenticators: true}
Session ID: 761d2a108cf245239a9cf780b1820af5
	at org.example.HomePage.basePageNavigation(HomePage.java:30)
]]></failure>
    <system-err><![CDATA[SStatarrttiinngg  CChhrroommeeDDrirvievrer 86.0 .8462.400..422420 (.2392 8(b039748b3307534f3f33536ffbf1b83264f6b8f613b8a3a29436b84fe26e893Staea-3rratei9n3fsb/4gbe 2Cherr8om9eeD-rrieavfnescr/h b-r8haen6ca.d0hs./-44h22e44a00d@.s{2/#2432 74(803@9}8)b{ 0o#7n4 37p3o83}5)r3t f ofn63 860pf5obr
1Otb8 224n1l68y85 f3l
6oO3cnaal3la y9c 3bl4oone2ncee8ac9tlei -orcneosfn sna/ebrrec atnailcolhn-oshw eeaadr.des /a4l2l4
o0Pw@el{de#a.
3sP7el8 e}sa)se eeo  nsh tepeto prhst:t t//p2cs2:4h/9r/3oc
mhOerndolmryie vldeorrci.avcleh rcoomniunme.cotirogn/s sare.cchruormiitumy.-roceor nagslli/sdeercatiuoorwnist eyfd-oc.r
 oPsnlusgigdesertaitoinosn os nef aokseer e spseeui gnhtggte pCss:ht/ir/oocmnhesro Dmorednirv ikveerer e.scphiarnfogemi .umC
.Chohrrgor/moesmDeercDiuvrreiirt ysv-eraf weac.o
sn sCsihtdroaemrreatDterido nsisvu cefcro ersw sassf ulusgtglaersytt.ei
do nssu occne kssefepulilngy. C
hromeDriver safe.
ChromeDriver was started successfully.
Oct 28, 2020 10:14:32 AM org.openqa.selenium.remote.ProtocolHandshake createSession
INFO: Detected dialect: W3C
Oct 28, 2020 10:14:32 AM org.openqa.selenium.remote.ProtocolHandshake createSession
INFO: Detected dialect: W3C
Oct 28, 2020 10:14:32 AM org.openqa.selenium.remote.ProtocolHandshake createSession
INFO: Detected dialect: W3C
]]></system-err>
  </testcase>
  <testcase name="basePageNavigation[username1, Password1](2)" classname="org.example.HomePage" time="1.633">
    <failure message="element click intercepted: Element &lt;a _ngcontent-mbw-c18=&quot;&quot; href=&quot;https://courses.rahulshettyacademy.com/sign_in&quot; class=&quot;theme-btn register-btn&quot;&gt;...&lt;/a&gt; is not clickable at point (1482, 27). Other element would receive the click: &lt;div _ngcontent-mbw-c18=&quot;&quot; class=&quot;preloader&quot;&gt;...&lt;/div&gt;&#10;  (Session info: chrome=86.0.4240.111)&#10;Build info: version: &apos;4.0.0-alpha-5&apos;, revision: &apos;b3a0d621cc&apos;&#10;System info: host: &apos;Mohammads-iMac.home&apos;, ip: &apos;192.168.254.14&apos;, os.name: &apos;Mac OS X&apos;, os.arch: &apos;x86_64&apos;, os.version: &apos;10.15.7&apos;, java.version: &apos;13.0.1&apos;&#10;Driver info: org.openqa.selenium.chrome.ChromeDriver&#10;Capabilities {acceptInsecureCerts: false, browserName: chrome, browserVersion: 86.0.4240.111, chrome: {chromedriverVersion: 86.0.4240.22 (398b0743353ff..., userDataDir: /var/folders/ts/76vg2q_d5q1...}, goog:chromeOptions: {debuggerAddress: localhost:50265}, javascriptEnabled: true, networkConnectionEnabled: false, pageLoadStrategy: normal, platform: MAC, platformName: MAC, proxy: Proxy(), setWindowRect: true, strictFileInteractability: false, timeouts: {implicit: 0, pageLoad: 300000, script: 30000}, unhandledPromptBehavior: dismiss and notify, webauthn:virtualAuthenticators: true}&#10;Session ID: 761d2a108cf245239a9cf780b1820af5" type="org.openqa.selenium.ElementClickInterceptedException"><![CDATA[org.openqa.selenium.ElementClickInterceptedException: 
element click intercepted: Element <a _ngcontent-mbw-c18="" href="https://courses.rahulshettyacademy.com/sign_in" class="theme-btn register-btn">...</a> is not clickable at point (1482, 27). Other element would receive the click: <div _ngcontent-mbw-c18="" class="preloader">...</div>
  (Session info: chrome=86.0.4240.111)
Build info: version: '4.0.0-alpha-5', revision: 'b3a0d621cc'
System info: host: 'Mohammads-iMac.home', ip: '192.168.254.14', os.name: 'Mac OS X', os.arch: 'x86_64', os.version: '10.15.7', java.version: '13.0.1'
Driver info: org.openqa.selenium.chrome.ChromeDriver
Capabilities {acceptInsecureCerts: false, browserName: chrome, browserVersion: 86.0.4240.111, chrome: {chromedriverVersion: 86.0.4240.22 (398b0743353ff..., userDataDir: /var/folders/ts/76vg2q_d5q1...}, goog:chromeOptions: {debuggerAddress: localhost:50265}, javascriptEnabled: true, networkConnectionEnabled: false, pageLoadStrategy: normal, platform: MAC, platformName: MAC, proxy: Proxy(), setWindowRect: true, strictFileInteractability: false, timeouts: {implicit: 0, pageLoad: 300000, script: 30000}, unhandledPromptBehavior: dismiss and notify, webauthn:virtualAuthenticators: true}
Session ID: 761d2a108cf245239a9cf780b1820af5
	at org.example.HomePage.basePageNavigation(HomePage.java:30)
]]></failure>
  </testcase>
  <testcase name="verify_NavigationBar" classname="org.example.validateNavigationBar" time="0.269"/>
  <testcase name="verify_validateTitle" classname="org.example.validateTitle" time="0.764"/>
</testsuite>