<?xml version="1.0" encoding="UTF-8"?>
<!-- Generated by org.testng.reporters.JUnitReportReporter -->
<testsuite hostname="Mohammads-iMac.home" failures="0" tests="1" name="org.example.validateNavigationBar" time="0.348" errors="0" timestamp="2020-12-02T08:22:47 CST" skipped="0">
  <testcase classname="org.example.validateNavigationBar" name="verify_NavigationBar" time="0.348"/>
  <system-out/>
</testsuite> <!-- org.example.validateNavigationBar -->
