<?xml version="1.0" encoding="UTF-8"?>
<!-- Generated by org.testng.reporters.JUnitReportReporter -->
<testsuite hostname="Mohammads-iMac.home" failures="0" tests="1" name="org.example.validateTitle" time="3.847" errors="0" timestamp="2020-10-28T10:14:39 CDT" skipped="0">
  <testcase classname="org.example.validateTitle" name="verify_validateTitle" time="3.847"/>
  <system-out/>
</testsuite> <!-- org.example.validateTitle -->
