<?xml version="1.0" encoding="UTF-8"?>
<!-- Generated by org.testng.reporters.JUnitReportReporter -->
<testsuite hostname="Mohammads-iMac.home" failures="0" tests="1" name="org.example.validateTitle" time="0.104" errors="0" timestamp="2020-12-02T08:22:47 CST" skipped="0">
  <testcase classname="org.example.validateTitle" name="verify_validateTitle" time="0.104"/>
  <system-out/>
</testsuite> <!-- org.example.validateTitle -->
